<?xml version="1.0" encoding="UTF-8"?>
<!-- Generated by org.testng.reporters.JUnitXMLReporter -->
<testsuite ignored="0" hostname="LAPTOP-K3G4RAK0" failures="0" tests="3" name="Default test" time="380.669" errors="0" timestamp="2026-07-15T13:37:57 IST">
  <testcase classname="test.SkillsTest" name="addSkills" time="70.44"/>
  <testcase classname="test.SkillsTest" name="editSkill" time="83.2"/>
  <testcase classname="test.SkillsTest" name="deleteSkill" time="107.107"/>
</testsuite> <!-- Default test -->
