<?xml version="1.0" encoding="UTF-8"?>
<!-- Generated by org.testng.reporters.JUnitXMLReporter -->
<testsuite ignored="0" hostname="LAPTOP-K3G4RAK0" failures="0" tests="1" name="TestNG Sample Testing" time="0.064" errors="0" timestamp="2026-07-12T16:25:22 IST">
  <testcase classname="base.BaseTest" name="@BeforeMethod setup" time="-1.783853722029E9">
    <failure type="org.testng.TestNGException" message="
Parameter &amp;apos;browser&amp;apos; is required by BeforeMethod on method setup but has not been marked @Optional or defined
in D:\Selenium_project\selenium_learning\src\test\resources\testng.xml">
      <![CDATA[org.testng.TestNGException: 
Parameter 'browser' is required by BeforeMethod on method setup but has not been marked @Optional or defined
in D:\Selenium_project\selenium_learning\src\test\resources\testng.xml
at java.base/java.util.ArrayList.forEach(ArrayList.java:1596)
... Removed 28 stack frames]]>
    </failure>
  </testcase> <!-- @BeforeMethod setup -->
  <testcase classname="base.BaseTest" name="@AfterMethod closeBrowser" time="0.0">
    <skipped/>
  </testcase> <!-- @AfterMethod closeBrowser -->
  <testcase classname="test.SkillsTest" name="addSkills" time="0.0">
    <skipped/>
  </testcase> <!-- addSkills -->
</testsuite> <!-- TestNG Sample Testing -->
