<?xml version="1.0" encoding="UTF-8"?>
<!-- Generated by org.testng.reporters.JUnitXMLReporter -->
<testsuite ignored="2" hostname="LAPTOP-K3G4RAK0" failures="0" tests="1" name="Chrome Test" time="33.363" errors="0" timestamp="2026-07-11T12:02:16 IST">
  <testcase classname="test.LoginTest" name="checkLoginPageTitle" time="7.217"/>
  <testcase classname="test.LoginTest" name="verifyValidLogin" time="0.0">
    <ignored/>
  </testcase> <!-- verifyValidLogin -->
  <testcase classname="test.LoginTest" name="verifyLogin" time="0.0">
    <ignored/>
  </testcase> <!-- verifyLogin -->
</testsuite> <!-- Chrome Test -->
