<?xml version="1.0" encoding="UTF-8"?>
<testng-results ignored="0" total="2" passed="2" failed="0" skipped="0">
  <reporter-output>
    <line>
      <![CDATA[Page Title OrangeHRM]]>
    </line>
    <line>
      <![CDATA[Page Title OrangeHRM]]>
    </line>
  </reporter-output>
  <suite started-at="2026-07-11T12:01:43 IST" name="Grid Suite" finished-at="2026-07-11T12:02:22 IST" duration-ms="39140">
    <groups>
    </groups>
    <test started-at="2026-07-11T12:01:43 IST" name="Chrome Test" finished-at="2026-07-11T12:02:16 IST" duration-ms="33363">
      <class name="test.LoginTest">
        <test-method is-config="true" signature="setup(java.lang.String)[pri:0, instance:test.LoginTest@47eaca72]" started-at="2026-07-11T12:01:43 IST" name="setup" finished-at="2026-07-11T12:01:51 IST" duration-ms="8561" status="PASS">
          <params>
            <param index="0">
              <value>
                <![CDATA[chrome]]>
              </value>
            </param>
          </params>
          <reporter-output>
          </reporter-output>
        </test-method> <!-- setup -->
        <test-method signature="checkLoginPageTitle()[pri:1, instance:test.LoginTest@47eaca72]" started-at="2026-07-11T12:01:51 IST" name="checkLoginPageTitle" finished-at="2026-07-11T12:01:58 IST" duration-ms="7217" status="PASS">
          <reporter-output>
            <line>
              <![CDATA[Page Title OrangeHRM]]>
            </line>
          </reporter-output>
        </test-method> <!-- checkLoginPageTitle -->
        <test-method is-config="true" signature="closeBrowser()[pri:0, instance:test.LoginTest@47eaca72]" started-at="2026-07-11T12:01:58 IST" name="closeBrowser" finished-at="2026-07-11T12:02:16 IST" duration-ms="17513" status="PASS">
          <reporter-output>
          </reporter-output>
        </test-method> <!-- closeBrowser -->
      </class> <!-- test.LoginTest -->
    </test> <!-- Chrome Test -->
    <test started-at="2026-07-11T12:01:43 IST" name="Firefox Test" finished-at="2026-07-11T12:02:22 IST" duration-ms="39140">
      <class name="test.LoginTest">
        <test-method is-config="true" signature="setup(java.lang.String)[pri:0, instance:test.LoginTest@55fe41ea]" started-at="2026-07-11T12:01:43 IST" name="setup" finished-at="2026-07-11T12:02:06 IST" duration-ms="22984" status="PASS">
          <params>
            <param index="0">
              <value>
                <![CDATA[firefox]]>
              </value>
            </param>
          </params>
          <reporter-output>
          </reporter-output>
        </test-method> <!-- setup -->
        <test-method signature="checkLoginPageTitle()[pri:1, instance:test.LoginTest@55fe41ea]" started-at="2026-07-11T12:02:06 IST" name="checkLoginPageTitle" finished-at="2026-07-11T12:02:06 IST" duration-ms="15" status="PASS">
          <reporter-output>
            <line>
              <![CDATA[Page Title OrangeHRM]]>
            </line>
          </reporter-output>
        </test-method> <!-- checkLoginPageTitle -->
        <test-method is-config="true" signature="closeBrowser()[pri:0, instance:test.LoginTest@55fe41ea]" started-at="2026-07-11T12:02:06 IST" name="closeBrowser" finished-at="2026-07-11T12:02:22 IST" duration-ms="16092" status="PASS">
          <reporter-output>
          </reporter-output>
        </test-method> <!-- closeBrowser -->
      </class> <!-- test.LoginTest -->
    </test> <!-- Firefox Test -->
  </suite> <!-- Grid Suite -->
</testng-results>
