<?xml version="1.0" encoding="UTF-8"?>
<testng-results ignored="0" total="3" passed="3" failed="0" skipped="0">
  <reporter-output>
    <line>
      <![CDATA[New Skill Created with name:Skill: QA | Description: This is Quality Analyst]]>
    </line>
    <line>
      <![CDATA[Skill edited Skill: QA | Description: This is Quality Analyst Skill]]>
    </line>
    <line>
      <![CDATA[Skill Not Found:Skill: Not Found | Description: Not Found]]>
    </line>
  </reporter-output>
  <suite started-at="2026-07-15T13:31:37 IST" name="Default suite" finished-at="2026-07-15T13:37:57 IST" duration-ms="380669">
    <groups>
    </groups>
    <test started-at="2026-07-15T13:31:37 IST" name="Default test" finished-at="2026-07-15T13:37:57 IST" duration-ms="380669">
      <class name="test.SkillsTest">
        <test-method is-config="true" signature="setup(java.lang.String)[pri:0, instance:test.SkillsTest@5656be13]" started-at="2026-07-15T13:31:37 IST" name="setup" finished-at="2026-07-15T13:32:12 IST" duration-ms="35248" status="PASS">
          <params>
            <param index="0">
              <value>
                <![CDATA[chrome]]>
              </value>
            </param>
          </params>
          <reporter-output>
          </reporter-output>
        </test-method> <!-- setup -->
        <test-method signature="addSkills(java.lang.String,java.lang.String)[pri:1, instance:test.SkillsTest@5656be13]" started-at="2026-07-15T13:32:12 IST" name="addSkills" data-provider="skilldetails" finished-at="2026-07-15T13:33:22 IST" duration-ms="70440" status="PASS">
          <params>
            <param index="0">
              <value>
                <![CDATA[QA]]>
              </value>
            </param>
            <param index="1">
              <value>
                <![CDATA[This is Quality Analyst]]>
              </value>
            </param>
          </params>
          <reporter-output>
            <line>
              <![CDATA[New Skill Created with name:Skill: QA | Description: This is Quality Analyst]]>
            </line>
          </reporter-output>
        </test-method> <!-- addSkills -->
        <test-method is-config="true" signature="closeBrowser()[pri:0, instance:test.SkillsTest@5656be13]" started-at="2026-07-15T13:33:22 IST" name="closeBrowser" finished-at="2026-07-15T13:33:38 IST" duration-ms="15407" status="PASS">
          <reporter-output>
          </reporter-output>
        </test-method> <!-- closeBrowser -->
        <test-method is-config="true" signature="setup(java.lang.String)[pri:0, instance:test.SkillsTest@5656be13]" started-at="2026-07-15T13:33:38 IST" name="setup" finished-at="2026-07-15T13:34:12 IST" duration-ms="34094" status="PASS">
          <params>
            <param index="0">
              <value>
                <![CDATA[chrome]]>
              </value>
            </param>
          </params>
          <reporter-output>
          </reporter-output>
        </test-method> <!-- setup -->
        <test-method signature="editSkill(java.lang.String,java.lang.String)[pri:2, instance:test.SkillsTest@5656be13]" started-at="2026-07-15T13:34:12 IST" name="editSkill" data-provider="editeddetails" finished-at="2026-07-15T13:35:35 IST" duration-ms="83200" status="PASS">
          <params>
            <param index="0">
              <value>
                <![CDATA[QA]]>
              </value>
            </param>
            <param index="1">
              <value>
                <![CDATA[This is Quality Analyst Skill]]>
              </value>
            </param>
          </params>
          <reporter-output>
            <line>
              <![CDATA[Skill edited Skill: QA | Description: This is Quality Analyst Skill]]>
            </line>
          </reporter-output>
        </test-method> <!-- editSkill -->
        <test-method is-config="true" signature="closeBrowser()[pri:0, instance:test.SkillsTest@5656be13]" started-at="2026-07-15T13:35:35 IST" name="closeBrowser" finished-at="2026-07-15T13:35:51 IST" duration-ms="15961" status="PASS">
          <reporter-output>
          </reporter-output>
        </test-method> <!-- closeBrowser -->
        <test-method is-config="true" signature="setup(java.lang.String)[pri:0, instance:test.SkillsTest@5656be13]" started-at="2026-07-15T13:35:51 IST" name="setup" finished-at="2026-07-15T13:35:55 IST" duration-ms="3605" status="PASS">
          <params>
            <param index="0">
              <value>
                <![CDATA[chrome]]>
              </value>
            </param>
          </params>
          <reporter-output>
          </reporter-output>
        </test-method> <!-- setup -->
        <test-method signature="deleteSkill(java.lang.String,java.lang.String)[pri:3, instance:test.SkillsTest@5656be13]" started-at="2026-07-15T13:35:55 IST" name="deleteSkill" data-provider="skilldetails" finished-at="2026-07-15T13:37:42 IST" duration-ms="107107" status="PASS">
          <params>
            <param index="0">
              <value>
                <![CDATA[QA]]>
              </value>
            </param>
            <param index="1">
              <value>
                <![CDATA[This is Quality Analyst]]>
              </value>
            </param>
          </params>
          <reporter-output>
            <line>
              <![CDATA[Skill Not Found:Skill: Not Found | Description: Not Found]]>
            </line>
          </reporter-output>
        </test-method> <!-- deleteSkill -->
        <test-method is-config="true" signature="closeBrowser()[pri:0, instance:test.SkillsTest@5656be13]" started-at="2026-07-15T13:37:42 IST" name="closeBrowser" finished-at="2026-07-15T13:37:57 IST" duration-ms="15543" status="PASS">
          <reporter-output>
          </reporter-output>
        </test-method> <!-- closeBrowser -->
      </class> <!-- test.SkillsTest -->
    </test> <!-- Default test -->
  </suite> <!-- Default suite -->
</testng-results>
