<?xml version="1.0" encoding="UTF-8"?>
<!-- Generated by org.testng.reporters.JUnitReportReporter -->
<testsuite hostname="LAPTOP-K3G4RAK0" failures="0" tests="5" name="test.sampleTest" time="0.028" errors="0" timestamp="2026-05-31T13:08:42 IST" skipped="0">
  <testcase classname="test.sampleTest" name="RegisterUser" time="0.015"/>
  <testcase classname="test.sampleTest" name="Login" time="0.003"/>
  <testcase classname="test.sampleTest" name="Login" time="0.002"/>
  <testcase classname="test.sampleTest" name="Login" time="0.006"/>
  <testcase classname="test.sampleTest" name="Login" time="0.002"/>
</testsuite> <!-- test.sampleTest -->
