<?xml version="1.0" encoding="UTF-8"?>
<!-- Generated by org.testng.reporters.JUnitReportReporter -->
<testsuite hostname="LAPTOP-K3G4RAK0" failures="0" tests="3" name="test.SkillsTest" time="380.605" errors="0" timestamp="2026-07-15T13:37:58 IST" skipped="0">
  <testcase classname="test.SkillsTest" name="addSkills" time="89.588">
    <system-out>
      <![CDATA[New Skill Created with name:Skill: QA | Description: This is Quality Analyst]]>
    </system-out>
  </testcase> <!-- addSkills -->
  <testcase classname="test.SkillsTest" name="editSkill" time="132.701">
    <system-out>
      <![CDATA[Skill edited Skill: QA | Description: This is Quality Analyst Skill]]>
    </system-out>
  </testcase> <!-- editSkill -->
  <testcase classname="test.SkillsTest" name="deleteSkill" time="158.316">
    <system-out>
      <![CDATA[Skill Not Found:Skill: Not Found | Description: Not Found]]>
    </system-out>
  </testcase> <!-- deleteSkill -->
  <system-out>
    <![CDATA[New Skill Created with name:Skill: QA | Description: This is Quality Analyst
Skill edited Skill: QA | Description: This is Quality Analyst Skill
Skill Not Found:Skill: Not Found | Description: Not Found]]>
  </system-out>
</testsuite> <!-- test.SkillsTest -->
