<?xml version="1.0" encoding="UTF-8"?>
<!-- Generated by org.testng.reporters.JUnitReportReporter -->
<testsuite hostname="LAPTOP-K3G4RAK0" failures="0" tests="5" name="test.SampleTest2" time="152.915" errors="0" timestamp="2026-06-11T15:36:25 IST" skipped="0">
  <testcase classname="test.SampleTest2" name="chkTitle" time="11.517">
    <system-out>
      <![CDATA[Title Same...Orange HRM Open correctly]]>
    </system-out>
  </testcase> <!-- chkTitle -->
  <testcase classname="test.SampleTest2" name="verifyLogin" time="43.047">
    <system-out>
      <![CDATA[Login is Successful with Valid Credentials=Test passed]]>
    </system-out>
  </testcase> <!-- verifyLogin -->
  <testcase classname="test.SampleTest2" name="verifyLogin" time="34.381">
    <system-out>
      <![CDATA[Login is not Successful with Invalid Credentials-Test passed]]>
    </system-out>
  </testcase> <!-- verifyLogin -->
  <testcase classname="test.SampleTest2" name="verifyLogin" time="46.044">
    <system-out>
      <![CDATA[Login is not Successful with Invalid Credentials-Test passed]]>
    </system-out>
  </testcase> <!-- verifyLogin -->
  <testcase classname="test.SampleTest2" name="verifyLogin" time="17.926">
    <system-out>
      <![CDATA[Login is not Successful with Invalid Credentials-Test passed]]>
    </system-out>
  </testcase> <!-- verifyLogin -->
  <system-out>
    <![CDATA[Title Same...Orange HRM Open correctly
Login is Successful with Valid Credentials=Test passed
Login is not Successful with Invalid Credentials-Test passed
Login is not Successful with Invalid Credentials-Test passed
Login is not Successful with Invalid Credentials-Test passed]]>
  </system-out>
</testsuite> <!-- test.SampleTest2 -->
