<?xml version="1.0" encoding="UTF-8"?>
<!-- Generated by org.testng.reporters.JUnitReportReporter -->
<testsuite hostname="LAPTOP-K3G4RAK0" failures="0" tests="1" name="test.PIMTest" time="61.868" errors="0" timestamp="2026-06-20T11:44:10 IST" skipped="0">
  <testcase classname="test.PIMTest" name="addEmployee" time="61.868">
    <system-out>
      <![CDATA[Employee Name:Komal K]]>
    </system-out>
  </testcase> <!-- addEmployee -->
  <system-out>
    <![CDATA[Page Title OrangeHRM
Valid Login Result:true
Employee Name:Komal K
Login verified successful 
Login verified successful 
Login verified successful 
Login verified successful ]]>
  </system-out>
</testsuite> <!-- test.PIMTest -->
