<?xml version="1.0" encoding="UTF-8"?>
<!-- Generated by org.testng.reporters.JUnitReportReporter -->
<testsuite hostname="LAPTOP-K3G4RAK0" failures="0" tests="1" name="test.SkillsTest" time="96.855" errors="0" timestamp="2026-07-13T16:53:34 IST" skipped="0">
  <testcase classname="test.SkillsTest" name="addSkills" time="96.855">
    <system-out>
      <![CDATA[Skill Name:QA]]>
    </system-out>
  </testcase> <!-- addSkills -->
  <system-out>
    <![CDATA[Skill Name:QA]]>
  </system-out>
</testsuite> <!-- test.SkillsTest -->
