<?xml version="1.0" encoding="UTF-8"?>
<!-- Generated by org.testng.reporters.JUnitReportReporter -->
<testsuite hostname="LAPTOP-K3G4RAK0" failures="0" tests="1" name="test.LoginTestPF" time="46.204" errors="0" timestamp="2026-06-20T15:48:11 IST" skipped="0">
  <testcase classname="test.LoginTestPF" name="verifyValidLogin" time="46.204">
    <system-out>
      <![CDATA[Valid Login Result:true]]>
    </system-out>
  </testcase> <!-- verifyValidLogin -->
  <system-out>
    <![CDATA[Valid Login Result:true]]>
  </system-out>
</testsuite> <!-- test.LoginTestPF -->
