<?xml version="1.0" encoding="UTF-8"?>
<!-- Generated by org.testng.reporters.JUnitReportReporter -->
<testsuite hostname="LAPTOP-K3G4RAK0" failures="0" tests="6" name="test.LoginTest" time="72.382" errors="0" timestamp="2026-07-11T12:02:22 IST" skipped="4">
  <testcase classname="test.LoginTest" name="checkLoginPageTitle" time="33.291">
    <system-out>
      <![CDATA[Page Title OrangeHRM]]>
    </system-out>
  </testcase> <!-- checkLoginPageTitle -->
  <testcase classname="test.LoginTest" name="checkLoginPageTitle" time="39.091">
    <system-out>
      <![CDATA[Page Title OrangeHRM]]>
    </system-out>
  </testcase> <!-- checkLoginPageTitle -->
  <testcase classname="test.LoginTest" name="verifyValidLogin">
    <skipped/>
  </testcase> <!-- verifyValidLogin -->
  <testcase classname="test.LoginTest" name="verifyLogin">
    <skipped/>
  </testcase> <!-- verifyLogin -->
  <testcase classname="test.LoginTest" name="verifyLogin">
    <skipped/>
  </testcase> <!-- verifyLogin -->
  <testcase classname="test.LoginTest" name="verifyValidLogin">
    <skipped/>
  </testcase> <!-- verifyValidLogin -->
  <system-out>
    <![CDATA[Page Title OrangeHRM
Page Title OrangeHRM]]>
  </system-out>
</testsuite> <!-- test.LoginTest -->
